{"name": "test_input_field", "status": "failed", "statusDetails": {"message": "AssertionError: Locator expected to have text 'Test_123'\nActual value: None\nError: element(s) not found \nCall log:\n  - Expect \"to_have_text\" with timeout 5000ms\n  - waiting for get_by_test_id(\"#result-text\")", "trace": "page = <Page url='https://www.qa-practice.com/elements/input/simple'>\n\n    def test_input_field(page):\n        input_page = InputHelper(page)\n        input_page.open(\"https://www.qa-practice.com/elements/input/simple\")\n        input_page.click_by_Text_input()\n        input_page.fill_and_submit(\"Test_123\")\n        result = input_page.page.get_by_test_id(input_page.result_locator)\n>       expect(result).to_have_text(\"Test_123\")\nE       AssertionError: Locator expected to have text 'Test_123'\nE       Actual value: None\nE       Error: element(s) not found \nE       Call log:\nE         - Expect \"to_have_text\" with timeout 5000ms\nE         - waiting for get_by_test_id(\"#result-text\")\n\ntests\\test_input.py:10: AssertionError"}, "attachments": [{"name": "screenshot", "source": "6d14c299-6d69-46f8-b649-8ab3eee7e40e-attachment.png", "type": "image/png"}], "start": 1763240632488, "stop": 1763240639864, "uuid": "308c04d0-8fdf-40b9-8265-c7272d78943b", "historyId": "bc4f721cbb376572f00c274eaa2e657c", "testCaseId": "bc4f721cbb376572f00c274eaa2e657c", "fullName": "tests.test_input#test_input_field", "labels": [{"name": "parentSuite", "value": "tests"}, {"name": "suite", "value": "test_input"}, {"name": "host", "value": "PCSergius"}, {"name": "thread", "value": "8008-MainThread"}, {"name": "framework", "value": "pytest"}, {"name": "language", "value": "cpython3"}, {"name": "package", "value": "tests.test_input"}], "titlePath": ["tests", "test_input.py"]}